2021-12-16 01:58:37,504 - root - MainThread -  INFO - Starting scrapping of https://www.otodom.pl/pl/oferty/sprzedaz/mieszkanie/warszawa?page=1&limit=72...
2021-12-16 01:58:37,504 - root - MainThread -  INFO - No existing data found.
2021-12-16 01:58:37,531 - urllib3.connectionpool - MainThread -  DEBUG - Starting new HTTPS connection (1): www.otodom.pl:443
2021-12-16 01:58:39,480 - urllib3.connectionpool - MainThread -  DEBUG - https://www.otodom.pl:443 "GET /pl/oferty/sprzedaz/mieszkanie/warszawa?page=1&limit=72 HTTP/1.1" 200 None
2021-12-16 01:58:39,627 - root - MainThread -  ERROR - 0 listing links found for the listing, instead of expected 1. Skipping the record.
2021-12-16 02:02:37,915 - root - MainThread -  INFO - Starting scrapping of https://www.otodom.pl/pl/oferty/sprzedaz/mieszkanie/warszawa?page=1&limit=72...
2021-12-16 02:02:37,915 - root - MainThread -  INFO - No existing data found.
2021-12-16 02:02:37,942 - urllib3.connectionpool - MainThread -  DEBUG - Starting new HTTPS connection (1): www.otodom.pl:443
2021-12-16 02:02:39,918 - urllib3.connectionpool - MainThread -  DEBUG - https://www.otodom.pl:443 "GET /pl/oferty/sprzedaz/mieszkanie/warszawa?page=1&limit=72 HTTP/1.1" 200 None
2021-12-16 02:02:40,063 - root - MainThread -  ERROR - 0 listing links found for the listing, instead of expected 1. Skipping the record.
2021-12-16 02:05:50,398 - root - MainThread -  INFO - Starting scrapping of https://www.otodom.pl/pl/oferty/sprzedaz/mieszkanie/warszawa?page=1&limit=72...
2021-12-16 02:05:50,399 - root - MainThread -  INFO - No existing data found.
2021-12-16 02:05:50,423 - urllib3.connectionpool - MainThread -  DEBUG - Starting new HTTPS connection (1): www.otodom.pl:443
2021-12-16 02:05:51,820 - urllib3.connectionpool - MainThread -  DEBUG - https://www.otodom.pl:443 "GET /pl/oferty/sprzedaz/mieszkanie/warszawa?page=1&limit=72 HTTP/1.1" 200 None
2021-12-16 02:05:52,051 - root - MainThread -  ERROR - 0 listing links found for the listing, instead of expected 1. Skipping the record.
2021-12-16 02:05:52,057 - urllib3.connectionpool - MainThread -  DEBUG - Starting new HTTPS connection (1): www.otodom.pl:443
2021-12-16 02:05:52,637 - urllib3.connectionpool - MainThread -  DEBUG - https://www.otodom.pl:443 "GET /pl/oferta/mieszkanie-na-moderna-powisle-ID4ey9I HTTP/1.1" 200 None
2021-12-16 02:05:52,682 - urllib3.connectionpool - MainThread -  DEBUG - Starting new HTTPS connection (1): www.otodom.pl:443
2021-12-16 02:05:53,353 - urllib3.connectionpool - MainThread -  DEBUG - https://www.otodom.pl:443 "GET /pl/oferta/centrum-38m2-ogrodowa-zelazna-balkon-puste-z-kw-ID4etrT HTTP/1.1" 200 None
2021-12-16 02:05:53,393 - urllib3.connectionpool - MainThread -  DEBUG - Starting new HTTPS connection (1): www.otodom.pl:443
2021-12-16 02:05:54,275 - urllib3.connectionpool - MainThread -  DEBUG - https://www.otodom.pl:443 "GET /pl/oferta/3pok-4-pok-ursus-skorosze-garaz-podziemny-ID4dREx HTTP/1.1" 200 None
2021-12-16 02:05:54,333 - urllib3.connectionpool - MainThread -  DEBUG - Starting new HTTPS connection (1): www.otodom.pl:443
2021-12-16 02:05:54,510 - urllib3.connectionpool - MainThread -  DEBUG - https://www.otodom.pl:443 "GET /pl/oferta/atrakcyjne-dwupoziomowe-mieszkanie-na-marysinie-ID4eBWX HTTP/1.1" 200 None
2021-12-16 02:05:54,574 - urllib3.connectionpool - MainThread -  DEBUG - Starting new HTTPS connection (1): www.otodom.pl:443
2021-12-16 02:05:55,198 - urllib3.connectionpool - MainThread -  DEBUG - https://www.otodom.pl:443 "GET /pl/oferta/piekne-nowe-4pok-mieszkanie-na-bialolece-ID4eBWV HTTP/1.1" 200 None
2021-12-16 02:05:55,251 - urllib3.connectionpool - MainThread -  DEBUG - Starting new HTTPS connection (1): www.otodom.pl:443
2021-12-16 02:05:55,607 - urllib3.connectionpool - MainThread -  DEBUG - https://www.otodom.pl:443 "GET /pl/oferta/centrum-2-pokoje-z-msc-parkingowym-ID4eBWo HTTP/1.1" 200 None
2021-12-16 02:05:55,675 - urllib3.connectionpool - MainThread -  DEBUG - Starting new HTTPS connection (1): www.otodom.pl:443
2021-12-16 02:05:56,530 - urllib3.connectionpool - MainThread -  DEBUG - https://www.otodom.pl:443 "GET /pl/oferta/przestronne-wykonczone-bialoleka-bez-pcc-ID4er0H HTTP/1.1" 200 None
2021-12-16 02:05:56,588 - urllib3.connectionpool - MainThread -  DEBUG - Starting new HTTPS connection (1): www.otodom.pl:443
2021-12-16 02:05:56,941 - urllib3.connectionpool - MainThread -  DEBUG - https://www.otodom.pl:443 "GET /pl/oferta/mieszkanie-49m2-ul-gwiazdzista-warszawa-zoliborz-ID4enGp HTTP/1.1" 200 None
2021-12-16 02:05:56,994 - urllib3.connectionpool - MainThread -  DEBUG - Starting new HTTPS connection (1): www.otodom.pl:443
2021-12-16 02:05:57,348 - urllib3.connectionpool - MainThread -  DEBUG - https://www.otodom.pl:443 "GET /pl/oferta/3-pokoje-bialoleka-bez-pcc-wykonczone-2021-ID4er0t HTTP/1.1" 200 None
2021-12-16 02:05:57,404 - urllib3.connectionpool - MainThread -  DEBUG - Starting new HTTPS connection (1): www.otodom.pl:443
2021-12-16 02:05:57,994 - urllib3.connectionpool - MainThread -  DEBUG - https://www.otodom.pl:443 "GET /pl/oferta/dobra-oferta-good-offer-ID4eBWg HTTP/1.1" 200 None
2021-12-16 02:05:58,045 - urllib3.connectionpool - MainThread -  DEBUG - Starting new HTTPS connection (1): www.otodom.pl:443
2021-12-16 02:05:58,578 - urllib3.connectionpool - MainThread -  DEBUG - https://www.otodom.pl:443 "GET /pl/oferta/dwupokojowy-apartament-w-miasteczku-wilanow-ID4eBWe HTTP/1.1" 200 None
2021-12-16 02:05:58,633 - urllib3.connectionpool - MainThread -  DEBUG - Starting new HTTPS connection (1): www.otodom.pl:443
2021-12-16 02:05:58,989 - urllib3.connectionpool - MainThread -  DEBUG - https://www.otodom.pl:443 "GET /pl/oferta/bezposrednio-3sypialnieodrestaurowanakamienica-btc-ID4etxF HTTP/1.1" 200 None
2021-12-16 02:05:59,048 - urllib3.connectionpool - MainThread -  DEBUG - Starting new HTTPS connection (1): www.otodom.pl:443
2021-12-16 02:05:59,216 - urllib3.connectionpool - MainThread -  DEBUG - https://www.otodom.pl:443 "GET /pl/oferta/nordic-sadyba-4-pokojowe-mieszkanie-nr-c-31-ID4cAti HTTP/1.1" 200 None
2021-12-16 02:05:59,268 - urllib3.connectionpool - MainThread -  DEBUG - Starting new HTTPS connection (1): www.otodom.pl:443
2021-12-16 02:05:59,956 - urllib3.connectionpool - MainThread -  DEBUG - https://www.otodom.pl:443 "GET /pl/oferta/kapitalna-lokalizacja-w-srodmiesciu-warszawy-ID4eBUY HTTP/1.1" 200 None
2021-12-16 02:06:00,025 - urllib3.connectionpool - MainThread -  DEBUG - Starting new HTTPS connection (1): www.otodom.pl:443
2021-12-16 02:06:00,280 - urllib3.connectionpool - MainThread -  DEBUG - https://www.otodom.pl:443 "GET /pl/oferta/najtaniej-na-wlochach-2-pokoje-piwnica-kredyt-ID4eq2u HTTP/1.1" 200 None
2021-12-16 02:06:00,330 - urllib3.connectionpool - MainThread -  DEBUG - Starting new HTTPS connection (1): www.otodom.pl:443
2021-12-16 02:06:00,544 - urllib3.connectionpool - MainThread -  DEBUG - https://www.otodom.pl:443 "GET /pl/oferta/wloskie-tarasy-mieszkanie-nr-b-1-02-bud-b-ID4dedb HTTP/1.1" 200 None
2021-12-16 02:06:00,590 - urllib3.connectionpool - MainThread -  DEBUG - Starting new HTTPS connection (1): www.otodom.pl:443
2021-12-16 02:06:00,840 - urllib3.connectionpool - MainThread -  DEBUG - https://www.otodom.pl:443 "GET /pl/oferta/powisle-4-pok-118-m2-kamienica-1938-r-winda-ID4eBUP HTTP/1.1" 200 None
2021-12-16 02:06:00,900 - urllib3.connectionpool - MainThread -  DEBUG - Starting new HTTPS connection (1): www.otodom.pl:443
2021-12-16 02:06:01,138 - urllib3.connectionpool - MainThread -  DEBUG - https://www.otodom.pl:443 "GET /pl/oferta/przestronne-3-pokojowe-w-sercu-starej-ochoty-ID4ezOz HTTP/1.1" 200 None
2021-12-16 02:06:01,221 - urllib3.connectionpool - MainThread -  DEBUG - Starting new HTTPS connection (1): www.otodom.pl:443
2021-12-16 02:06:01,622 - urllib3.connectionpool - MainThread -  DEBUG - https://www.otodom.pl:443 "GET /pl/oferta/wloskie-tarasy-mieszkanie-nr-b-1-05-bud-b-ID4dkzl HTTP/1.1" 200 None
2021-12-16 02:06:01,689 - urllib3.connectionpool - MainThread -  DEBUG - Starting new HTTPS connection (1): www.otodom.pl:443
2021-12-16 02:06:02,264 - urllib3.connectionpool - MainThread -  DEBUG - https://www.otodom.pl:443 "GET /pl/oferta/wysokie-ciche-mieszkanie-w-przedwojennej-kamienicy-ID4eujS HTTP/1.1" 200 None
2021-12-16 02:06:02,322 - urllib3.connectionpool - MainThread -  DEBUG - Starting new HTTPS connection (1): www.otodom.pl:443
2021-12-16 02:06:02,632 - urllib3.connectionpool - MainThread -  DEBUG - https://www.otodom.pl:443 "GET /pl/oferta/segment-bezczynszowy-w-sulejowku-pod-warszawa-ID4eBUM HTTP/1.1" 200 None
2021-12-16 02:06:02,706 - urllib3.connectionpool - MainThread -  DEBUG - Starting new HTTPS connection (1): www.otodom.pl:443
2021-12-16 02:06:03,186 - urllib3.connectionpool - MainThread -  DEBUG - https://www.otodom.pl:443 "GET /pl/oferta/nordic-sadyba-1-pokojowe-mieszkanie-nr-b-91-ID4cAt4 HTTP/1.1" 200 None
2021-12-16 02:06:03,236 - urllib3.connectionpool - MainThread -  DEBUG - Starting new HTTPS connection (1): www.otodom.pl:443
2021-12-16 02:06:03,903 - urllib3.connectionpool - MainThread -  DEBUG - https://www.otodom.pl:443 "GET /pl/oferta/wloskie-tarasy-mieszkanie-nr-b-2-02-bud-b-ID4dlqU HTTP/1.1" 200 None
2021-12-16 02:06:03,952 - urllib3.connectionpool - MainThread -  DEBUG - Starting new HTTPS connection (1): www.otodom.pl:443
2021-12-16 02:06:04,119 - urllib3.connectionpool - MainThread -  DEBUG - https://www.otodom.pl:443 "GET /pl/oferta/nordic-sadyba-1-pokojowe-mieszkanie-nr-b-81-ID4cAtM HTTP/1.1" 200 None
2021-12-16 02:06:04,175 - urllib3.connectionpool - MainThread -  DEBUG - Starting new HTTPS connection (1): www.otodom.pl:443
2021-12-16 02:06:04,717 - urllib3.connectionpool - MainThread -  DEBUG - https://www.otodom.pl:443 "GET /pl/oferta/mieszkanie-ursynow-przy-metrze-imielin-74m2-ID4e5zW HTTP/1.1" 200 None
2021-12-16 02:06:04,772 - urllib3.connectionpool - MainThread -  DEBUG - Starting new HTTPS connection (1): www.otodom.pl:443
2021-12-16 02:06:05,437 - urllib3.connectionpool - MainThread -  DEBUG - https://www.otodom.pl:443 "GET /pl/oferta/wloskie-tarasy-mieszkanie-nr-a-2-05-bud-a-ID4dedj HTTP/1.1" 200 None
2021-12-16 02:06:05,488 - urllib3.connectionpool - MainThread -  DEBUG - Starting new HTTPS connection (1): www.otodom.pl:443
2021-12-16 02:06:06,053 - urllib3.connectionpool - MainThread -  DEBUG - https://www.otodom.pl:443 "GET /pl/oferta/wloskie-tarasy-mieszkanie-nr-a-2-04-bud-a-ID4dedc HTTP/1.1" 200 None
2021-12-16 02:06:06,098 - urllib3.connectionpool - MainThread -  DEBUG - Starting new HTTPS connection (1): www.otodom.pl:443
2021-12-16 02:06:06,461 - urllib3.connectionpool - MainThread -  DEBUG - https://www.otodom.pl:443 "GET /pl/oferta/dwa-pokoje-przy-metrze-ID4eBUD HTTP/1.1" 200 None
2021-12-16 02:06:06,514 - urllib3.connectionpool - MainThread -  DEBUG - Starting new HTTPS connection (1): www.otodom.pl:443
2021-12-16 02:06:06,973 - urllib3.connectionpool - MainThread -  DEBUG - https://www.otodom.pl:443 "GET /pl/oferta/wloskie-tarasy-mieszkanie-nr-b-2-08-bud-b-ID4deda HTTP/1.1" 200 None
2021-12-16 02:06:07,028 - urllib3.connectionpool - MainThread -  DEBUG - Starting new HTTPS connection (1): www.otodom.pl:443
2021-12-16 02:06:07,466 - urllib3.connectionpool - MainThread -  DEBUG - https://www.otodom.pl:443 "GET /pl/oferta/ursus-vita-3-pokojowe-mieszkanie-nr-m006-ID4cg8E HTTP/1.1" 200 None
2021-12-16 02:06:07,536 - urllib3.connectionpool - MainThread -  DEBUG - Starting new HTTPS connection (1): www.otodom.pl:443
2021-12-16 02:06:08,409 - urllib3.connectionpool - MainThread -  DEBUG - https://www.otodom.pl:443 "GET /pl/oferta/wloskie-tarasy-mieszkanie-nr-a-3-03-bud-a-ID4dedf HTTP/1.1" 200 None
2021-12-16 02:06:08,457 - urllib3.connectionpool - MainThread -  DEBUG - Starting new HTTPS connection (1): www.otodom.pl:443
2021-12-16 02:06:08,750 - urllib3.connectionpool - MainThread -  DEBUG - https://www.otodom.pl:443 "GET /pl/oferta/wloskie-tarasy-mieszkanie-nr-b-1-04-bud-b-ID4dedd HTTP/1.1" 200 None
2021-12-16 02:06:08,864 - urllib3.connectionpool - MainThread -  DEBUG - Starting new HTTPS connection (1): www.otodom.pl:443
2021-12-16 02:06:09,840 - urllib3.connectionpool - MainThread -  DEBUG - https://www.otodom.pl:443 "GET /pl/oferta/wloskie-tarasy-mieszkanie-nr-b-2-03-bud-b-ID4dlqS HTTP/1.1" 200 None
2021-12-16 02:06:09,896 - urllib3.connectionpool - MainThread -  DEBUG - Starting new HTTPS connection (1): www.otodom.pl:443
2021-12-16 02:06:10,557 - urllib3.connectionpool - MainThread -  DEBUG - https://www.otodom.pl:443 "GET /pl/oferta/mieszkanie-80-m-warszawa-ID4exhP HTTP/1.1" 200 None
2021-12-16 02:06:10,623 - urllib3.connectionpool - MainThread -  DEBUG - Starting new HTTPS connection (1): www.otodom.pl:443
2021-12-16 02:06:10,844 - urllib3.connectionpool - MainThread -  DEBUG - https://www.otodom.pl:443 "GET /pl/oferta/mieszkanie-85-m-warszawa-ID4esTq HTTP/1.1" 200 None
2021-12-16 02:06:10,903 - urllib3.connectionpool - MainThread -  DEBUG - Starting new HTTPS connection (1): www.otodom.pl:443
2021-12-16 02:06:11,133 - urllib3.connectionpool - MainThread -  DEBUG - https://www.otodom.pl:443 "GET /pl/oferta/mieszkanie-76-75-m-warszawa-ID4bSe4 HTTP/1.1" 200 None
2021-12-16 02:06:11,190 - urllib3.connectionpool - MainThread -  DEBUG - Starting new HTTPS connection (1): www.otodom.pl:443
2021-12-16 02:06:11,582 - urllib3.connectionpool - MainThread -  DEBUG - https://www.otodom.pl:443 "GET /pl/oferta/wloskie-tarasy-mieszkanie-nr-b-0-01-bud-b-ID4dedl HTTP/1.1" 200 None
2021-12-16 02:06:11,642 - urllib3.connectionpool - MainThread -  DEBUG - Starting new HTTPS connection (1): www.otodom.pl:443
2021-12-16 02:06:12,217 - urllib3.connectionpool - MainThread -  DEBUG - https://www.otodom.pl:443 "GET /pl/oferta/ciszazielenrakowiecswietnie-skomunikowanewum-ID4euxL HTTP/1.1" 200 None
2021-12-16 02:06:12,269 - urllib3.connectionpool - MainThread -  DEBUG - Starting new HTTPS connection (1): www.otodom.pl:443
2021-12-16 02:06:12,664 - urllib3.connectionpool - MainThread -  DEBUG - https://www.otodom.pl:443 "GET /pl/oferta/2-pokojowe-targowek-nowe-budownictwo-ID4eBUi HTTP/1.1" 200 None
2021-12-16 02:06:12,731 - urllib3.connectionpool - MainThread -  DEBUG - Starting new HTTPS connection (1): www.otodom.pl:443
2021-12-16 02:06:13,350 - urllib3.connectionpool - MainThread -  DEBUG - https://www.otodom.pl:443 "GET /pl/oferta/nordic-sadyba-1-pokojowe-mieszkanie-nr-b-101-ID4cAsC HTTP/1.1" 200 None
2021-12-16 02:06:13,425 - urllib3.connectionpool - MainThread -  DEBUG - Starting new HTTPS connection (1): www.otodom.pl:443
2021-12-16 02:06:13,787 - urllib3.connectionpool - MainThread -  DEBUG - https://www.otodom.pl:443 "GET /pl/oferta/nadwislanska-kaskada-mieszkanie-nr-b019-ID4cD2x HTTP/1.1" 200 None
2021-12-16 02:06:13,846 - urllib3.connectionpool - MainThread -  DEBUG - Starting new HTTPS connection (1): www.otodom.pl:443
2021-12-16 02:06:14,449 - urllib3.connectionpool - MainThread -  DEBUG - https://www.otodom.pl:443 "GET /pl/oferta/klimatyczne-mieszkanie-z-widokiem-2-pokoje-mokotow-ID4eBU1 HTTP/1.1" 200 None
2021-12-16 02:06:14,504 - urllib3.connectionpool - MainThread -  DEBUG - Starting new HTTPS connection (1): www.otodom.pl:443
2021-12-16 02:06:14,780 - urllib3.connectionpool - MainThread -  DEBUG - https://www.otodom.pl:443 "GET /pl/oferta/rytm-apartamenty-na-kabatach-nr-1-106-ID4ev2F HTTP/1.1" 200 None
2021-12-16 02:06:14,832 - urllib3.connectionpool - MainThread -  DEBUG - Starting new HTTPS connection (1): www.otodom.pl:443
2021-12-16 02:06:15,203 - urllib3.connectionpool - MainThread -  DEBUG - https://www.otodom.pl:443 "GET /pl/oferta/targowek-3pok-55m2-widna-kuchnia-2min-metro-balkon-ID4eBTW HTTP/1.1" 200 None
2021-12-16 02:06:15,259 - urllib3.connectionpool - MainThread -  DEBUG - Starting new HTTPS connection (1): www.otodom.pl:443
2021-12-16 02:06:15,679 - urllib3.connectionpool - MainThread -  DEBUG - https://www.otodom.pl:443 "GET /pl/oferta/5poktrojstronne2-balkonybez-prowizji-ID4eBTQ HTTP/1.1" 200 None
2021-12-16 02:06:15,729 - urllib3.connectionpool - MainThread -  DEBUG - Starting new HTTPS connection (1): www.otodom.pl:443
2021-12-16 02:06:16,292 - urllib3.connectionpool - MainThread -  DEBUG - https://www.otodom.pl:443 "GET /pl/oferta/rytm-apartamenty-na-kabatach-nr-1-56-ID4ev2v HTTP/1.1" 200 None
2021-12-16 02:06:16,349 - urllib3.connectionpool - MainThread -  DEBUG - Starting new HTTPS connection (1): www.otodom.pl:443
2021-12-16 02:06:16,936 - urllib3.connectionpool - MainThread -  DEBUG - https://www.otodom.pl:443 "GET /pl/oferta/rytm-apartamenty-na-kabatach-nr-1-101-ID4ev2y HTTP/1.1" 200 None
2021-12-16 02:06:17,255 - urllib3.connectionpool - MainThread -  DEBUG - Starting new HTTPS connection (1): www.otodom.pl:443
2021-12-16 02:06:18,137 - urllib3.connectionpool - MainThread -  DEBUG - https://www.otodom.pl:443 "GET /pl/oferta/rytm-apartamenty-na-kabatach-nr-1-98-ID4ev2A HTTP/1.1" 200 None
2021-12-16 02:06:18,200 - urllib3.connectionpool - MainThread -  DEBUG - Starting new HTTPS connection (1): www.otodom.pl:443
2021-12-16 02:06:18,546 - urllib3.connectionpool - MainThread -  DEBUG - https://www.otodom.pl:443 "GET /pl/oferta/rytm-apartamenty-na-kabatach-nr-1-156-ID4ev2I HTTP/1.1" 200 None
2021-12-16 02:06:18,599 - urllib3.connectionpool - MainThread -  DEBUG - Starting new HTTPS connection (1): www.otodom.pl:443
2021-12-16 02:06:19,719 - urllib3.connectionpool - MainThread -  DEBUG - https://www.otodom.pl:443 "GET /pl/oferta/sprzedam-bezposrednio-2-pokoje-43m2-ID4eqYf HTTP/1.1" 200 None
2021-12-16 02:06:19,797 - urllib3.connectionpool - MainThread -  DEBUG - Starting new HTTPS connection (1): www.otodom.pl:443
2021-12-16 02:06:20,186 - urllib3.connectionpool - MainThread -  DEBUG - https://www.otodom.pl:443 "GET /pl/oferta/rytm-apartamenty-na-kabatach-nr-1-153-ID4ev2H HTTP/1.1" 200 None
2021-12-16 02:06:20,242 - urllib3.connectionpool - MainThread -  DEBUG - Starting new HTTPS connection (1): www.otodom.pl:443
2021-12-16 02:06:20,798 - urllib3.connectionpool - MainThread -  DEBUG - https://www.otodom.pl:443 "GET /pl/oferta/koszykowa-30-plac-konstytucji-74m2-parter-ID4ekoi HTTP/1.1" 200 None
2021-12-16 02:06:20,843 - urllib3.connectionpool - MainThread -  DEBUG - Starting new HTTPS connection (1): www.otodom.pl:443
2021-12-16 02:06:21,049 - urllib3.connectionpool - MainThread -  DEBUG - https://www.otodom.pl:443 "GET /pl/oferta/trzy-pokoje-w-samym-sercu-zielonego-zoliborza-ID4en1n HTTP/1.1" 200 None
2021-12-16 02:06:21,105 - urllib3.connectionpool - MainThread -  DEBUG - Starting new HTTPS connection (1): www.otodom.pl:443
2021-12-16 02:06:21,716 - urllib3.connectionpool - MainThread -  DEBUG - https://www.otodom.pl:443 "GET /pl/oferta/bezposrednio-41-5m2-metro-bemowo-3-pokoje-ID4eknV HTTP/1.1" 200 None
2021-12-16 02:06:21,828 - urllib3.connectionpool - MainThread -  DEBUG - Starting new HTTPS connection (1): www.otodom.pl:443
2021-12-16 02:06:22,334 - urllib3.connectionpool - MainThread -  DEBUG - https://www.otodom.pl:443 "GET /pl/oferta/rytm-apartamenty-na-kabatach-nr-1-154-ID4ev2G HTTP/1.1" 200 None
2021-12-16 02:06:22,403 - urllib3.connectionpool - MainThread -  DEBUG - Starting new HTTPS connection (1): www.otodom.pl:443
2021-12-16 02:06:22,848 - urllib3.connectionpool - MainThread -  DEBUG - https://www.otodom.pl:443 "GET /pl/oferta/3-pokojowe-z-duzym-tarasem-i-garazem-wola-english-ID4bf2b HTTP/1.1" 200 None
2021-12-16 02:06:22,919 - urllib3.connectionpool - MainThread -  DEBUG - Starting new HTTPS connection (1): www.otodom.pl:443
2021-12-16 02:06:23,460 - urllib3.connectionpool - MainThread -  DEBUG - https://www.otodom.pl:443 "GET /pl/oferta/rytm-apartamenty-na-kabatach-nr-1-107-ID4ev2B HTTP/1.1" 200 None
2021-12-16 02:06:23,510 - urllib3.connectionpool - MainThread -  DEBUG - Starting new HTTPS connection (1): www.otodom.pl:443
2021-12-16 02:06:23,669 - urllib3.connectionpool - MainThread -  DEBUG - https://www.otodom.pl:443 "GET /pl/oferta/penthouse-przy-fortach-bema-tarasy-20-i-65m2-ID4bJpu HTTP/1.1" 200 None
2021-12-16 02:06:23,736 - urllib3.connectionpool - MainThread -  DEBUG - Starting new HTTPS connection (1): www.otodom.pl:443
2021-12-16 02:06:24,179 - urllib3.connectionpool - MainThread -  DEBUG - https://www.otodom.pl:443 "GET /pl/oferta/goclaw-4-pokoje-przy-planowanym-metrze-od-zaraz-ID4dLa5 HTTP/1.1" 200 None
2021-12-16 02:06:24,233 - urllib3.connectionpool - MainThread -  DEBUG - Starting new HTTPS connection (1): www.otodom.pl:443
2021-12-16 02:06:24,791 - urllib3.connectionpool - MainThread -  DEBUG - https://www.otodom.pl:443 "GET /pl/oferta/bezposrednio-3-pok-przy-soho-na-kamionku-balkon-ID4eknG HTTP/1.1" 200 None
2021-12-16 02:06:24,857 - urllib3.connectionpool - MainThread -  DEBUG - Starting new HTTPS connection (1): www.otodom.pl:443
2021-12-16 02:06:25,304 - urllib3.connectionpool - MainThread -  DEBUG - https://www.otodom.pl:443 "GET /pl/oferta/ekskluzywne-mieszkanie-bezposrednio-duze-okna-ID4epZS HTTP/1.1" 200 None
2021-12-16 02:06:25,363 - urllib3.connectionpool - MainThread -  DEBUG - Starting new HTTPS connection (1): www.otodom.pl:443
2021-12-16 02:06:25,817 - urllib3.connectionpool - MainThread -  DEBUG - https://www.otodom.pl:443 "GET /pl/oferta/sprzedam-bezposrednio-mieszkanie-47-20-m-3pokoje-ID4eknp HTTP/1.1" 200 None
2021-12-16 02:06:25,993 - urllib3.connectionpool - MainThread -  DEBUG - Starting new HTTPS connection (1): www.otodom.pl:443
2021-12-16 02:06:26,429 - urllib3.connectionpool - MainThread -  DEBUG - https://www.otodom.pl:443 "GET /pl/oferta/sloneczne-50m-na-szczesliwicach-przy-parku-ID4ezMM HTTP/1.1" 200 None
2021-12-16 02:06:26,533 - urllib3.connectionpool - MainThread -  DEBUG - Starting new HTTPS connection (1): www.otodom.pl:443
2021-12-16 02:06:26,942 - urllib3.connectionpool - MainThread -  DEBUG - https://www.otodom.pl:443 "GET /pl/oferta/al-zjednoczenia-2-pokoje-w-kamienicy-przy-metrze-ID492CD HTTP/1.1" 200 None
2021-12-16 02:06:27,000 - urllib3.connectionpool - MainThread -  DEBUG - Starting new HTTPS connection (1): www.otodom.pl:443
2021-12-16 02:06:27,238 - urllib3.connectionpool - MainThread -  DEBUG - https://www.otodom.pl:443 "GET /pl/oferta/mieszkanie-na-powislu-ID4ezMC HTTP/1.1" 200 None
2021-12-16 02:06:27,286 - urllib3.connectionpool - MainThread -  DEBUG - Starting new HTTPS connection (1): www.otodom.pl:443
2021-12-16 02:06:27,368 - urllib3.connectionpool - MainThread -  DEBUG - https://www.otodom.pl:443 "GET /pl/oferta/mieszkanie-78m2-4-pokoje-wysoki-standard-ochrona-ID4cMou HTTP/1.1" 302 None
2021-12-16 02:06:28,072 - urllib3.connectionpool - MainThread -  DEBUG - https://www.otodom.pl:443 "GET /pl/oferty/sprzedaz/mieszkanie/warszawa?locations%5B0%5D%5BstreetId%5D=12451&locations%5B0%5D%5BcityId%5D=26&locations=%5Bstreets-12451%5D HTTP/1.1" 200 None
2021-12-16 02:06:28,123 - urllib3.connectionpool - MainThread -  DEBUG - Starting new HTTPS connection (1): www.otodom.pl:443
2021-12-16 02:06:28,581 - urllib3.connectionpool - MainThread -  DEBUG - https://www.otodom.pl:443 "GET /pl/oferta/nowe-2-pokojowe-mieszkanie-szczesliwice-rakow-ID4eBT0 HTTP/1.1" 200 None
2021-12-16 02:06:28,636 - urllib3.connectionpool - MainThread -  DEBUG - Starting new HTTPS connection (1): www.otodom.pl:443
2021-12-16 02:06:28,990 - urllib3.connectionpool - MainThread -  DEBUG - https://www.otodom.pl:443 "GET /pl/oferta/bezposrednio-2-pokoje-blisko-metra-ID4ezMa HTTP/1.1" 200 None
2021-12-16 02:06:29,048 - urllib3.connectionpool - MainThread -  DEBUG - Starting new HTTPS connection (1): www.otodom.pl:443
2021-12-16 02:06:29,605 - urllib3.connectionpool - MainThread -  DEBUG - https://www.otodom.pl:443 "GET /pl/oferta/2-pokoje-osobna-kuchnia-garaz-i-piwnica-w-opcji-ID4edmz HTTP/1.1" 200 None
2021-12-16 02:06:29,656 - urllib3.connectionpool - MainThread -  DEBUG - Starting new HTTPS connection (1): www.otodom.pl:443
2021-12-16 02:06:29,976 - urllib3.connectionpool - MainThread -  DEBUG - https://www.otodom.pl:443 "GET /pl/oferta/3-pokoje-widna-kuchnia-2-balkony-ID4epZf HTTP/1.1" 200 None
2021-12-16 02:06:30,072 - urllib3.connectionpool - MainThread -  DEBUG - Starting new HTTPS connection (1): www.otodom.pl:443
2021-12-16 02:06:30,733 - urllib3.connectionpool - MainThread -  DEBUG - https://www.otodom.pl:443 "GET /pl/oferta/bezposrednio-3-pokojowe-mieszkanie-przy-al-solida-ID4dIaM HTTP/1.1" 200 None
2021-12-16 02:06:30,790 - urllib3.connectionpool - MainThread -  DEBUG - Starting new HTTPS connection (1): www.otodom.pl:443
2021-12-16 02:06:31,242 - urllib3.connectionpool - MainThread -  DEBUG - https://www.otodom.pl:443 "GET /pl/oferta/kamienica-3-m-wysokosci-124m2-5-pokoi-balkon-ID4eBSM HTTP/1.1" 200 None
2021-12-16 02:06:31,293 - urllib3.connectionpool - MainThread -  DEBUG - Starting new HTTPS connection (1): www.otodom.pl:443
2021-12-16 02:06:31,524 - urllib3.connectionpool - MainThread -  DEBUG - https://www.otodom.pl:443 "GET /pl/oferta/segment-120-m2-ID4ezMm HTTP/1.1" 200 None
2021-12-16 02:06:31,590 - urllib3.connectionpool - MainThread -  DEBUG - Starting new HTTPS connection (1): www.otodom.pl:443
2021-12-16 02:06:31,790 - urllib3.connectionpool - MainThread -  DEBUG - https://www.otodom.pl:443 "GET /pl/oferta/nowoczesny-apartament-bez-prowizji-ID4etwj HTTP/1.1" 200 None
2021-12-16 02:06:31,839 - urllib3.connectionpool - MainThread -  DEBUG - Starting new HTTPS connection (1): www.otodom.pl:443
2021-12-16 02:06:32,079 - urllib3.connectionpool - MainThread -  DEBUG - https://www.otodom.pl:443 "GET /pl/oferta/rezerwacja-sloneczne-mieszkanie-ID4ekm9 HTTP/1.1" 200 None
2021-12-16 02:06:32,144 - root - MainThread -  ERROR - 0 type-of-building found for the listing, instead of expected 1. Skipping the record.
2021-12-16 02:06:32,146 - root - MainThread -  ERROR - 0 window found for the listing, instead of expected 1. Skipping the record.
2021-12-16 02:06:32,155 - root - MainThread -  ERROR - 0 monthly_fee found for the listing, instead of expected 1. Skipping the record.
2021-12-16 02:06:32,159 - root - MainThread -  ERROR - 0 construction_material found for the listing, instead of expected 1. Skipping the record.
2021-12-16 02:06:32,218 - root - MainThread -  ERROR - 0 heating found for the listing, instead of expected 1. Skipping the record.
2021-12-16 02:06:32,243 - root - MainThread -  ERROR - 0 condition found for the listing, instead of expected 1. Skipping the record.
2021-12-16 02:06:32,248 - root - MainThread -  ERROR - 0 construction_material found for the listing, instead of expected 1. Skipping the record.
2021-12-16 02:06:32,250 - root - MainThread -  ERROR - 0 heating found for the listing, instead of expected 1. Skipping the record.
2021-12-16 02:06:32,314 - root - MainThread -  ERROR - 0 monthly_fee found for the listing, instead of expected 1. Skipping the record.
2021-12-16 02:06:32,317 - root - MainThread -  ERROR - 0 construction_material found for the listing, instead of expected 1. Skipping the record.
2021-12-16 02:06:32,326 - root - MainThread -  ERROR - 0 year found for the listing, instead of expected 1. Skipping the record.
2021-12-16 02:06:32,333 - root - MainThread -  ERROR - 0 construction_material found for the listing, instead of expected 1. Skipping the record.
2021-12-16 02:06:32,357 - root - MainThread -  ERROR - 0 type-of-building found for the listing, instead of expected 1. Skipping the record.
2021-12-16 02:06:32,358 - root - MainThread -  ERROR - 0 window found for the listing, instead of expected 1. Skipping the record.
2021-12-16 02:06:32,361 - root - MainThread -  ERROR - 0 condition found for the listing, instead of expected 1. Skipping the record.
2021-12-16 02:06:32,363 - root - MainThread -  ERROR - 0 floors_in_building found for the listing, instead of expected 1. Skipping the record.
2021-12-16 02:06:32,364 - root - MainThread -  ERROR - 0 monthly_fee found for the listing, instead of expected 1. Skipping the record.
2021-12-16 02:06:32,365 - root - MainThread -  ERROR - 0 ownership_form found for the listing, instead of expected 1. Skipping the record.
2021-12-16 02:06:32,366 - root - MainThread -  ERROR - 0 construction_material found for the listing, instead of expected 1. Skipping the record.
2021-12-16 02:06:32,368 - root - MainThread -  ERROR - 0 heating found for the listing, instead of expected 1. Skipping the record.
2021-12-16 02:06:32,373 - root - MainThread -  ERROR - 0 type-of-building found for the listing, instead of expected 1. Skipping the record.
2021-12-16 02:06:32,374 - root - MainThread -  ERROR - 0 window found for the listing, instead of expected 1. Skipping the record.
2021-12-16 02:06:32,377 - root - MainThread -  ERROR - 0 condition found for the listing, instead of expected 1. Skipping the record.
2021-12-16 02:06:32,379 - root - MainThread -  ERROR - 0 monthly_fee found for the listing, instead of expected 1. Skipping the record.
2021-12-16 02:06:32,380 - root - MainThread -  ERROR - 0 ownership_form found for the listing, instead of expected 1. Skipping the record.
2021-12-16 02:06:32,381 - root - MainThread -  ERROR - 0 construction_material found for the listing, instead of expected 1. Skipping the record.
2021-12-16 02:06:32,383 - root - MainThread -  ERROR - 0 heating found for the listing, instead of expected 1. Skipping the record.
2021-12-16 02:06:32,405 - root - MainThread -  ERROR - 0 type-of-building found for the listing, instead of expected 1. Skipping the record.
2021-12-16 02:06:32,406 - root - MainThread -  ERROR - 0 window found for the listing, instead of expected 1. Skipping the record.
2021-12-16 02:06:32,409 - root - MainThread -  ERROR - 0 condition found for the listing, instead of expected 1. Skipping the record.
2021-12-16 02:06:32,411 - root - MainThread -  ERROR - 0 floors_in_building found for the listing, instead of expected 1. Skipping the record.
2021-12-16 02:06:32,412 - root - MainThread -  ERROR - 0 monthly_fee found for the listing, instead of expected 1. Skipping the record.
2021-12-16 02:06:32,413 - root - MainThread -  ERROR - 0 ownership_form found for the listing, instead of expected 1. Skipping the record.
2021-12-16 02:06:32,414 - root - MainThread -  ERROR - 0 construction_material found for the listing, instead of expected 1. Skipping the record.
2021-12-16 02:06:32,416 - root - MainThread -  ERROR - 0 heating found for the listing, instead of expected 1. Skipping the record.
2021-12-16 02:06:32,430 - root - MainThread -  ERROR - 0 construction_material found for the listing, instead of expected 1. Skipping the record.
2021-12-16 02:06:32,439 - root - MainThread -  ERROR - 0 year found for the listing, instead of expected 1. Skipping the record.
2021-12-16 02:06:32,453 - root - MainThread -  ERROR - 0 type-of-building found for the listing, instead of expected 1. Skipping the record.
2021-12-16 02:06:32,454 - root - MainThread -  ERROR - 0 window found for the listing, instead of expected 1. Skipping the record.
2021-12-16 02:06:32,457 - root - MainThread -  ERROR - 0 condition found for the listing, instead of expected 1. Skipping the record.
2021-12-16 02:06:32,458 - root - MainThread -  ERROR - 0 floors_in_building found for the listing, instead of expected 1. Skipping the record.
2021-12-16 02:06:32,459 - root - MainThread -  ERROR - 0 monthly_fee found for the listing, instead of expected 1. Skipping the record.
2021-12-16 02:06:32,461 - root - MainThread -  ERROR - 0 ownership_form found for the listing, instead of expected 1. Skipping the record.
2021-12-16 02:06:32,462 - root - MainThread -  ERROR - 0 construction_material found for the listing, instead of expected 1. Skipping the record.
2021-12-16 02:06:32,464 - root - MainThread -  ERROR - 0 heating found for the listing, instead of expected 1. Skipping the record.
2021-12-16 02:06:32,475 - root - MainThread -  ERROR - 0 monthly_fee found for the listing, instead of expected 1. Skipping the record.
2021-12-16 02:06:32,492 - root - MainThread -  ERROR - 0 monthly_fee found for the listing, instead of expected 1. Skipping the record.
2021-12-16 02:06:32,502 - root - MainThread -  ERROR - 0 type-of-building found for the listing, instead of expected 1. Skipping the record.
2021-12-16 02:06:32,503 - root - MainThread -  ERROR - 0 window found for the listing, instead of expected 1. Skipping the record.
2021-12-16 02:06:32,506 - root - MainThread -  ERROR - 0 condition found for the listing, instead of expected 1. Skipping the record.
2021-12-16 02:06:32,507 - root - MainThread -  ERROR - 0 floors_in_building found for the listing, instead of expected 1. Skipping the record.
2021-12-16 02:06:32,508 - root - MainThread -  ERROR - 0 monthly_fee found for the listing, instead of expected 1. Skipping the record.
2021-12-16 02:06:32,510 - root - MainThread -  ERROR - 0 ownership_form found for the listing, instead of expected 1. Skipping the record.
2021-12-16 02:06:32,511 - root - MainThread -  ERROR - 0 construction_material found for the listing, instead of expected 1. Skipping the record.
2021-12-16 02:06:32,512 - root - MainThread -  ERROR - 0 heating found for the listing, instead of expected 1. Skipping the record.
2021-12-16 02:06:32,518 - root - MainThread -  ERROR - 0 type-of-building found for the listing, instead of expected 1. Skipping the record.
2021-12-16 02:06:32,519 - root - MainThread -  ERROR - 0 window found for the listing, instead of expected 1. Skipping the record.
2021-12-16 02:06:32,522 - root - MainThread -  ERROR - 0 condition found for the listing, instead of expected 1. Skipping the record.
2021-12-16 02:06:32,524 - root - MainThread -  ERROR - 0 floors_in_building found for the listing, instead of expected 1. Skipping the record.
2021-12-16 02:06:32,525 - root - MainThread -  ERROR - 0 monthly_fee found for the listing, instead of expected 1. Skipping the record.
2021-12-16 02:06:32,526 - root - MainThread -  ERROR - 0 ownership_form found for the listing, instead of expected 1. Skipping the record.
2021-12-16 02:06:32,527 - root - MainThread -  ERROR - 0 construction_material found for the listing, instead of expected 1. Skipping the record.
2021-12-16 02:06:32,529 - root - MainThread -  ERROR - 0 heating found for the listing, instead of expected 1. Skipping the record.
2021-12-16 02:06:32,534 - root - MainThread -  ERROR - 0 type-of-building found for the listing, instead of expected 1. Skipping the record.
2021-12-16 02:06:32,535 - root - MainThread -  ERROR - 0 window found for the listing, instead of expected 1. Skipping the record.
2021-12-16 02:06:32,538 - root - MainThread -  ERROR - 0 condition found for the listing, instead of expected 1. Skipping the record.
2021-12-16 02:06:32,540 - root - MainThread -  ERROR - 0 floors_in_building found for the listing, instead of expected 1. Skipping the record.
2021-12-16 02:06:32,541 - root - MainThread -  ERROR - 0 monthly_fee found for the listing, instead of expected 1. Skipping the record.
2021-12-16 02:06:32,542 - root - MainThread -  ERROR - 0 ownership_form found for the listing, instead of expected 1. Skipping the record.
2021-12-16 02:06:32,543 - root - MainThread -  ERROR - 0 construction_material found for the listing, instead of expected 1. Skipping the record.
2021-12-16 02:06:32,545 - root - MainThread -  ERROR - 0 heating found for the listing, instead of expected 1. Skipping the record.
2021-12-16 02:06:32,555 - root - MainThread -  ERROR - 0 floors_in_building found for the listing, instead of expected 1. Skipping the record.
2021-12-16 02:06:32,555 - root - MainThread -  ERROR - 0 monthly_fee found for the listing, instead of expected 1. Skipping the record.
2021-12-16 02:06:32,564 - root - MainThread -  ERROR - 0 type-of-building found for the listing, instead of expected 1. Skipping the record.
2021-12-16 02:06:32,565 - root - MainThread -  ERROR - 0 window found for the listing, instead of expected 1. Skipping the record.
2021-12-16 02:06:32,568 - root - MainThread -  ERROR - 0 condition found for the listing, instead of expected 1. Skipping the record.
2021-12-16 02:06:32,570 - root - MainThread -  ERROR - 0 floors_in_building found for the listing, instead of expected 1. Skipping the record.
2021-12-16 02:06:32,571 - root - MainThread -  ERROR - 0 monthly_fee found for the listing, instead of expected 1. Skipping the record.
2021-12-16 02:06:32,572 - root - MainThread -  ERROR - 0 ownership_form found for the listing, instead of expected 1. Skipping the record.
2021-12-16 02:06:32,573 - root - MainThread -  ERROR - 0 construction_material found for the listing, instead of expected 1. Skipping the record.
2021-12-16 02:06:32,575 - root - MainThread -  ERROR - 0 heating found for the listing, instead of expected 1. Skipping the record.
2021-12-16 02:06:32,580 - root - MainThread -  ERROR - 0 type-of-building found for the listing, instead of expected 1. Skipping the record.
2021-12-16 02:06:32,581 - root - MainThread -  ERROR - 0 window found for the listing, instead of expected 1. Skipping the record.
2021-12-16 02:06:32,584 - root - MainThread -  ERROR - 0 condition found for the listing, instead of expected 1. Skipping the record.
2021-12-16 02:06:32,586 - root - MainThread -  ERROR - 0 floors_in_building found for the listing, instead of expected 1. Skipping the record.
2021-12-16 02:06:32,587 - root - MainThread -  ERROR - 0 monthly_fee found for the listing, instead of expected 1. Skipping the record.
2021-12-16 02:06:32,588 - root - MainThread -  ERROR - 0 ownership_form found for the listing, instead of expected 1. Skipping the record.
2021-12-16 02:06:32,589 - root - MainThread -  ERROR - 0 construction_material found for the listing, instead of expected 1. Skipping the record.
2021-12-16 02:06:32,591 - root - MainThread -  ERROR - 0 heating found for the listing, instead of expected 1. Skipping the record.
2021-12-16 02:06:32,603 - root - MainThread -  ERROR - 0 ownership_form found for the listing, instead of expected 1. Skipping the record.
2021-12-16 02:06:32,611 - root - MainThread -  ERROR - 0 type-of-building found for the listing, instead of expected 1. Skipping the record.
2021-12-16 02:06:32,612 - root - MainThread -  ERROR - 0 window found for the listing, instead of expected 1. Skipping the record.
2021-12-16 02:06:32,615 - root - MainThread -  ERROR - 0 condition found for the listing, instead of expected 1. Skipping the record.
2021-12-16 02:06:32,617 - root - MainThread -  ERROR - 0 floors_in_building found for the listing, instead of expected 1. Skipping the record.
2021-12-16 02:06:32,618 - root - MainThread -  ERROR - 0 monthly_fee found for the listing, instead of expected 1. Skipping the record.
2021-12-16 02:06:32,619 - root - MainThread -  ERROR - 0 ownership_form found for the listing, instead of expected 1. Skipping the record.
2021-12-16 02:06:32,620 - root - MainThread -  ERROR - 0 construction_material found for the listing, instead of expected 1. Skipping the record.
2021-12-16 02:06:32,622 - root - MainThread -  ERROR - 0 heating found for the listing, instead of expected 1. Skipping the record.
